# JRE version: Java(TM) SE Runtime Environment (8.0_92-b14) (build 1.8.0_92-b14)
# Java VM: Java HotSpot(TM) 64-Bit Server VM (25.92-b14 mixed mode windows-amd64 compressed oops)
Heap:
 PSYoungGen      total 137728K, used 37051K [0x00000000eab00000, 0x00000000f4d00000, 0x0000000100000000)
  eden space 123904K, 29% used [0x00000000eab00000,0x00000000ecf2ee30,0x00000000f2400000)
  from space 13824K, 0% used [0x00000000f3200000,0x00000000f3200000,0x00000000f3f80000)
  to   space 14336K, 0% used [0x00000000f2400000,0x00000000f2400000,0x00000000f3200000)
 ParOldGen       total 105472K, used 18064K [0x00000000c0000000, 0x00000000c6700000, 0x00000000eab00000)
  object space 105472K, 17% used [0x00000000c0000000,0x00000000c11a40d0,0x00000000c6700000)
 Metaspace       used 35745K, capacity 36680K, committed 36864K, reserved 1081344K
  class space    used 5017K, capacity 5291K, committed 5376K, reserved 1048576K
GC Heap History (10 events):
Event: 18.033 GC heap before
{Heap before GC invocations=6 (full 1):
 PSYoungGen      total 56832K, used 49152K [0x00000000eab00000, 0x00000000f1a00000, 0x0000000100000000)
  eden space 49152K, 100% used [0x00000000eab00000,0x00000000edb00000,0x00000000edb00000)
  from space 7680K, 0% used [0x00000000ee280000,0x00000000ee280000,0x00000000eea00000)
  to   space 7680K, 0% used [0x00000000edb00000,0x00000000edb00000,0x00000000ee280000)
 ParOldGen       total 75776K, used 7823K [0x00000000c0000000, 0x00000000c4a00000, 0x00000000eab00000)
  object space 75776K, 10% used [0x00000000c0000000,0x00000000c07a3c30,0x00000000c4a00000)
 Metaspace       used 25212K, capacity 25730K, committed 25856K, reserved 1071104K
  class space    used 3589K, capacity 3728K, committed 3840K, reserved 1048576K
Event: 18.046 GC heap after
Heap after GC invocations=6 (full 1):
 PSYoungGen      total 56832K, used 5049K [0x00000000eab00000, 0x00000000f1000000, 0x0000000100000000)
  eden space 49152K, 0% used [0x00000000eab00000,0x00000000eab00000,0x00000000edb00000)
  from space 7680K, 65% used [0x00000000edb00000,0x00000000edfee7f0,0x00000000ee280000)
  to   space 11264K, 0% used [0x00000000f0500000,0x00000000f0500000,0x00000000f1000000)
 ParOldGen       total 75776K, used 7831K [0x00000000c0000000, 0x00000000c4a00000, 0x00000000eab00000)
  object space 75776K, 10% used [0x00000000c0000000,0x00000000c07a5c30,0x00000000c4a00000)
 Metaspace       used 25212K, capacity 25730K, committed 25856K, reserved 1071104K
  class space    used 3589K, capacity 3728K, committed 3840K, reserved 1048576K
}
Event: 21.879 GC heap before
{Heap before GC invocations=7 (full 1):
 PSYoungGen      total 56832K, used 54201K [0x00000000eab00000, 0x00000000f1000000, 0x0000000100000000)
  eden space 49152K, 100% used [0x00000000eab00000,0x00000000edb00000,0x00000000edb00000)
  from space 7680K, 65% used [0x00000000edb00000,0x00000000edfee7f0,0x00000000ee280000)
  to   space 11264K, 0% used [0x00000000f0500000,0x00000000f0500000,0x00000000f1000000)
 ParOldGen       total 75776K, used 7831K [0x00000000c0000000, 0x00000000c4a00000, 0x00000000eab00000)
  object space 75776K, 10% used [0x00000000c0000000,0x00000000c07a5c30,0x00000000c4a00000)
 Metaspace       used 28322K, capacity 28930K, committed 29056K, reserved 1075200K
  class space    used 3978K, capacity 4148K, committed 4224K, reserved 1048576K
Event: 21.889 GC heap after
Heap after GC invocations=7 (full 1):
 PSYoungGen      total 86016K, used 7070K [0x00000000eab00000, 0x00000000f0c80000, 0x0000000100000000)
  eden space 78336K, 0% used [0x00000000eab00000,0x00000000eab00000,0x00000000ef780000)
  from space 7680K, 92% used [0x00000000f0500000,0x00000000f0be7950,0x00000000f0c80000)
  to   space 10752K, 0% used [0x00000000ef780000,0x00000000ef780000,0x00000000f0200000)
 ParOldGen       total 75776K, used 7839K [0x00000000c0000000, 0x00000000c4a00000, 0x00000000eab00000)
  object space 75776K, 10% used [0x00000000c0000000,0x00000000c07a7c30,0x00000000c4a00000)
 Metaspace       used 28322K, capacity 28930K, committed 29056K, reserved 1075200K
  class space    used 3978K, capacity 4148K, committed 4224K, reserved 1048576K
}
Event: 26.020 GC heap before
{Heap before GC invocations=8 (full 1):
 PSYoungGen      total 86016K, used 85406K [0x00000000eab00000, 0x00000000f0c80000, 0x0000000100000000)
  eden space 78336K, 100% used [0x00000000eab00000,0x00000000ef780000,0x00000000ef780000)
  from space 7680K, 92% used [0x00000000f0500000,0x00000000f0be7950,0x00000000f0c80000)
  to   space 10752K, 0% used [0x00000000ef780000,0x00000000ef780000,0x00000000f0200000)
 ParOldGen       total 75776K, used 7839K [0x00000000c0000000, 0x00000000c4a00000, 0x00000000eab00000)
  object space 75776K, 10% used [0x00000000c0000000,0x00000000c07a7c30,0x00000000c4a00000)
 Metaspace       used 33608K, capacity 34398K, committed 34560K, reserved 1079296K
  class space    used 4790K, capacity 5023K, committed 5120K, reserved 1048576K
Event: 26.054 GC heap after
Heap after GC invocations=8 (full 1):
 PSYoungGen      total 89088K, used 10746K [0x00000000eab00000, 0x00000000f3f80000, 0x0000000100000000)
  eden space 78336K, 0% used [0x00000000eab00000,0x00000000eab00000,0x00000000ef780000)
  from space 10752K, 99% used [0x00000000ef780000,0x00000000f01fe958,0x00000000f0200000)
  to   space 13824K, 0% used [0x00000000f3200000,0x00000000f3200000,0x00000000f3f80000)
 ParOldGen       total 75776K, used 10721K [0x00000000c0000000, 0x00000000c4a00000, 0x00000000eab00000)
  object space 75776K, 14% used [0x00000000c0000000,0x00000000c0a78600,0x00000000c4a00000)
 Metaspace       used 33608K, capacity 34398K, committed 34560K, reserved 1079296K
  class space    used 4790K, capacity 5023K, committed 5120K, reserved 1048576K
}
Event: 26.427 GC heap before
{Heap before GC invocations=9 (full 1):
 PSYoungGen      total 89088K, used 18011K [0x00000000eab00000, 0x00000000f3f80000, 0x0000000100000000)
  eden space 78336K, 9% used [0x00000000eab00000,0x00000000eb2184b0,0x00000000ef780000)
  from space 10752K, 99% used [0x00000000ef780000,0x00000000f01fe958,0x00000000f0200000)
  to   space 13824K, 0% used [0x00000000f3200000,0x00000000f3200000,0x00000000f3f80000)
 ParOldGen       total 75776K, used 10721K [0x00000000c0000000, 0x00000000c4a00000, 0x00000000eab00000)
  object space 75776K, 14% used [0x00000000c0000000,0x00000000c0a78600,0x00000000c4a00000)
 Metaspace       used 34464K, capacity 35244K, committed 35456K, reserved 1079296K
  class space    used 4896K, capacity 5155K, committed 5248K, reserved 1048576K
Event: 26.445 GC heap after
Heap after GC invocations=9 (full 1):
 PSYoungGen      total 137728K, used 10949K [0x00000000eab00000, 0x00000000f4d00000, 0x0000000100000000)
  eden space 123904K, 0% used [0x00000000eab00000,0x00000000eab00000,0x00000000f2400000)
  from space 13824K, 79% used [0x00000000f3200000,0x00000000f3cb1508,0x00000000f3f80000)
  to   space 14336K, 0% used [0x00000000f2400000,0x00000000f2400000,0x00000000f3200000)
 ParOldGen       total 75776K, used 10729K [0x00000000c0000000, 0x00000000c4a00000, 0x00000000eab00000)
  object space 75776K, 14% used [0x00000000c0000000,0x00000000c0a7a600,0x00000000c4a00000)
 Metaspace       used 34464K, capacity 35244K, committed 35456K, reserved 1079296K
  class space    used 4896K, capacity 5155K, committed 5248K, reserved 1048576K
}
Event: 26.445 GC heap before
{Heap before GC invocations=10 (full 2):
 PSYoungGen      total 137728K, used 10949K [0x00000000eab00000, 0x00000000f4d00000, 0x0000000100000000)
  eden space 123904K, 0% used [0x00000000eab00000,0x00000000eab00000,0x00000000f2400000)
  from space 13824K, 79% used [0x00000000f3200000,0x00000000f3cb1508,0x00000000f3f80000)
  to   space 14336K, 0% used [0x00000000f2400000,0x00000000f2400000,0x00000000f3200000)
 ParOldGen       total 75776K, used 10729K [0x00000000c0000000, 0x00000000c4a00000, 0x00000000eab00000)
  object space 75776K, 14% used [0x00000000c0000000,0x00000000c0a7a600,0x00000000c4a00000)
 Metaspace       used 34464K, capacity 35244K, committed 35456K, reserved 1079296K
  class space    used 4896K, capacity 5155K, committed 5248K, reserved 1048576K
Event: 26.540 GC heap after
Heap after GC invocations=10 (full 2):
 PSYoungGen      total 137728K, used 0K [0x00000000eab00000, 0x00000000f4d00000, 0x0000000100000000)
  eden space 123904K, 0% used [0x00000000eab00000,0x00000000eab00000,0x00000000f2400000)
  from space 13824K, 0% used [0x00000000f3200000,0x00000000f3200000,0x00000000f3f80000)
  to   space 14336K, 0% used [0x00000000f2400000,0x00000000f2400000,0x00000000f3200000)
 ParOldGen       total 105472K, used 18064K [0x00000000c0000000, 0x00000000c6700000, 0x00000000eab00000)
  object space 105472K, 17% used [0x00000000c0000000,0x00000000c11a40d0,0x00000000c6700000)
 Metaspace       used 34464K, capacity 35244K, committed 35456K, reserved 1079296K
  class space    used 4896K, capacity 5155K, committed 5248K, reserved 1048576K
}

